<?xml version="1.0" encoding="UTF-8"?>
<!-- Generated by org.testng.reporters.JUnitXMLReporter -->
<testsuite hostname="dmarroquin" ignored="2" name="Default test" tests="1" failures="0" timestamp="27 feb 2017 23:00:30 GMT" time="65.189" errors="0">
  <testcase name="Create_Account_Register_Successfully_W_Image" time="58.393" classname="Streame.Test_UI.Test002_Register"/>
  <testcase name="Create_Account_Look_Feel" time="0.0" classname="Streame.Test_UI.Test002_Register">
    <ignored/>
  </testcase> <!-- Create_Account_Look_Feel -->
  <testcase name="Create_Account_Register_Successfully_WO_Image" time="0.0" classname="Streame.Test_UI.Test002_Register">
    <ignored/>
  </testcase> <!-- Create_Account_Register_Successfully_WO_Image -->
</testsuite> <!-- Default test -->
