<?xml version="1.0" encoding="UTF-8"?>
<testng-results skipped="0" failed="0" ignored="0" total="1" passed="1">
  <reporter-output>
  </reporter-output>
  <suite name="Default suite" duration-ms="33007" started-at="2017-02-22T20:50:33Z" finished-at="2017-02-22T20:51:06Z">
    <groups>
    </groups>
    <test name="Default test" duration-ms="33007" started-at="2017-02-22T20:50:33Z" finished-at="2017-02-22T20:51:06Z">
      <class name="Streame.Test_UI.Test001_Smoke">
        <test-method status="PASS" signature="setUp()[pri:0, instance:Streame.Test_UI.Test001_Smoke@3ffc5af1]" name="setUp" is-config="true" duration-ms="5068" started-at="2017-02-22T15:50:33Z" finished-at="2017-02-22T15:50:38Z">
          <reporter-output>
          </reporter-output>
        </test-method> <!-- setUp -->
        <test-method status="PASS" signature="test()[pri:0, instance:Streame.Test_UI.Test001_Smoke@3ffc5af1]" name="test" duration-ms="26375" started-at="2017-02-22T15:50:38Z" finished-at="2017-02-22T15:51:05Z">
          <reporter-output>
          </reporter-output>
        </test-method> <!-- test -->
        <test-method status="PASS" signature="tearDown()[pri:0, instance:Streame.Test_UI.Test001_Smoke@3ffc5af1]" name="tearDown" is-config="true" duration-ms="1543" started-at="2017-02-22T15:51:05Z" finished-at="2017-02-22T15:51:06Z">
          <reporter-output>
          </reporter-output>
        </test-method> <!-- tearDown -->
      </class> <!-- Streame.Test_UI.Test001_Smoke -->
    </test> <!-- Default test -->
  </suite> <!-- Default suite -->
</testng-results>
