<?xml version="1.0" encoding="UTF-8"?>
<!-- Generated by org.testng.reporters.JUnitXMLReporter -->
<testsuite hostname="dmarroquin" ignored="0" name="Au_Test" tests="8" failures="0" timestamp="07 abr 2017 16:17:54 GMT" time="281.803" errors="0">
  <testcase name="verifyCreateAnAccounPage" time="5.576" classname="com.streame.tests.CreateAccountPageTest"/>
  <testcase name="verifyValidationsPage" time="242.384" classname="com.streame.tests.CreateAccountPageTest"/>
  <testcase name="verifyFirstName" time="2.545" classname="com.streame.tests.CreateAccountPageTest"/>
  <testcase name="verifyLastName" time="3.193" classname="com.streame.tests.CreateAccountPageTest"/>
  <testcase name="verifyEmail" time="4.328" classname="com.streame.tests.CreateAccountPageTest"/>
  <testcase name="verifyFailedAvatar" time="2.832" classname="com.streame.tests.CreateAccountPageTest"/>
  <testcase name="verifyPassword" time="3.201" classname="com.streame.tests.CreateAccountPageTest"/>
  <testcase name="verifySuccessAccount" time="5.56" classname="com.streame.tests.CreateAccountPageTest"/>
</testsuite> <!-- Au_Test -->
