<?xml version="1.0" encoding="UTF-8"?>
<!-- Generated by org.testng.reporters.JUnitXMLReporter -->
<testsuite hostname="dmarroquin" ignored="0" name="Au_Test" tests="6" failures="0" timestamp="28 mar 2017 21:12:30 GMT" time="33.935" errors="0">
  <testcase name="verifyCreateAnAccounPage" time="4.668" classname="com.streame.tests.CreateAccountPageTest"/>
  <testcase name="verifyValidationsPage" time="2.027" classname="com.streame.tests.CreateAccountPageTest"/>
  <testcase name="verifyFirstName" time="3.46" classname="com.streame.tests.CreateAccountPageTest"/>
  <testcase name="verifyLastName" time="2.346" classname="com.streame.tests.CreateAccountPageTest"/>
  <testcase name="verifyEmail" time="9.135" classname="com.streame.tests.CreateAccountPageTest"/>
  <testcase name="verifyAvatar" time="3.345" classname="com.streame.tests.CreateAccountPageTest"/>
</testsuite> <!-- Au_Test -->
