<?xml version="1.0" encoding="UTF-8"?>
<!-- Generated by org.testng.reporters.JUnitXMLReporter -->
<testsuite hostname="dmarroquin" ignored="0" name="Au_Test" tests="3" failures="0" timestamp="24 mar 2017 16:42:31 GMT" time="22.763" errors="0">
  <testcase name="verifyLoadHomePage" time="7.066" classname="com.streame.tests.HomePageTest"/>
  <testcase name="verifyNavEN" time="2.277" classname="com.streame.tests.HomePageTest"/>
  <testcase name="verifyNavES" time="5.275" classname="com.streame.tests.HomePageTest"/>
</testsuite> <!-- Au_Test -->
