<?xml version="1.0" encoding="UTF-8"?>
<!-- Generated by org.testng.reporters.JUnitXMLReporter -->
<testsuite hostname="dmarroquin" ignored="0" name="Au_Test" tests="3" failures="0" timestamp="07 jun 2017 18:50:09 GMT" time="35.042" errors="0">
  <testcase name="OpenUpload" time="15.163" classname="com.streame.tests.UploadMediaTest"/>
  <testcase name="UploadValidations" time="4.274" classname="com.streame.tests.UploadMediaTest"/>
  <testcase name="UploadMediaImage" time="0.0" classname="com.streame.tests.UploadMediaTest"/>
</testsuite> <!-- Au_Test -->
