<?xml version="1.0" encoding="UTF-8"?>
<!-- Generated by org.testng.reporters.JUnitXMLReporter -->
<testsuite hostname="dmarroquin" ignored="0" name="Au_Test" tests="6" failures="1" timestamp="09 jun 2017 20:45:27 GMT" time="43.549" errors="0">
  <testcase name="OpenUpload" time="16.753" classname="com.streame.tests.UploadMediaTest"/>
  <testcase name="UploadValidations" time="5.459" classname="com.streame.tests.UploadMediaTest"/>
  <testcase name="UploadMediaDocument" time="0.001" classname="com.streame.tests.UploadMediaTest"/>
  <testcase name="UploadMediaImage" time="7.785" classname="com.streame.tests.UploadMediaTest">
    <failure type="org.openqa.selenium.WebDriverException" message="unknown error: Element &amp;lt;input _ngcontent-uyd-65=&amp;quot;&amp;quot; class=&amp;quot;custom-control-input ng-untouched ng-pristine ng-invalid&amp;quot; formcontrolname=&amp;quot;agreement&amp;quot; type=&amp;quot;checkbox&amp;quot;&amp;gt; is not clickable at point (1081, 564). Other element would receive the click: &amp;lt;span _ngcontent-uyd-65=&amp;quot;&amp;quot; class=&amp;quot;custom-control-description&amp;quot;&amp;gt;...&amp;lt;/span&amp;gt;
  (Session info: chrome=58.0.3029.110)
  (Driver info: chromedriver=2.28.455520 (cc17746adff54984afff480136733114c6b3704b),platform=Windows NT 10.0.14393 x86_64) (WARNING: The server did not provide any stacktrace information)
Command duration or timeout: 50 milliseconds
Build info: version: &amp;apos;3.0.0&amp;apos;, revision: &amp;apos;350cf60&amp;apos;, time: &amp;apos;2016-10-13 10:48:57 -0700&amp;apos;
System info: host: &amp;apos;dmarroquin&amp;apos;, ip: &amp;apos;192.168.1.187&amp;apos;, os.name: &amp;apos;Windows 10&amp;apos;, os.arch: &amp;apos;amd64&amp;apos;, os.version: &amp;apos;10.0&amp;apos;, java.version: &amp;apos;1.8.0_121&amp;apos;
Driver info: org.openqa.selenium.chrome.ChromeDriver
Capabilities [{applicationCacheEnabled=false, rotatable=false, mobileEmulationEnabled=false, networkConnectionEnabled=false, chrome={chromedriverVersion=2.28.455520 (cc17746adff54984afff480136733114c6b3704b), userDataDir=C:\Users\DMARRO~1\AppData\Local\Temp\scoped_dir13216_27611}, takesHeapSnapshot=true, pageLoadStrategy=normal, databaseEnabled=false, handlesAlerts=true, hasTouchScreen=false, version=58.0.3029.110, platform=XP, browserConnectionEnabled=false, nativeEvents=true, acceptSslCerts=true, locationContextEnabled=true, webStorageEnabled=true, browserName=chrome, takesScreenshot=true, javascriptEnabled=true, cssSelectorsEnabled=true, unexpectedAlertBehaviour=}]
Session ID: e3d82ea9ee4bd3545b5585e7de4eca5a">
      <![CDATA[org.openqa.selenium.WebDriverException: unknown error: Element <input _ngcontent-uyd-65="" class="custom-control-input ng-untouched ng-pristine ng-invalid" formcontrolname="agreement" type="checkbox"> is not clickable at point (1081, 564). Other element would receive the click: <span _ngcontent-uyd-65="" class="custom-control-description">...</span>
  (Session info: chrome=58.0.3029.110)
  (Driver info: chromedriver=2.28.455520 (cc17746adff54984afff480136733114c6b3704b),platform=Windows NT 10.0.14393 x86_64) (WARNING: The server did not provide any stacktrace information)
Command duration or timeout: 50 milliseconds
Build info: version: '3.0.0', revision: '350cf60', time: '2016-10-13 10:48:57 -0700'
System info: host: 'dmarroquin', ip: '192.168.1.187', os.name: 'Windows 10', os.arch: 'amd64', os.version: '10.0', java.version: '1.8.0_121'
Driver info: org.openqa.selenium.chrome.ChromeDriver
Capabilities [{applicationCacheEnabled=false, rotatable=false, mobileEmulationEnabled=false, networkConnectionEnabled=false, chrome={chromedriverVersion=2.28.455520 (cc17746adff54984afff480136733114c6b3704b), userDataDir=C:\Users\DMARRO~1\AppData\Local\Temp\scoped_dir13216_27611}, takesHeapSnapshot=true, pageLoadStrategy=normal, databaseEnabled=false, handlesAlerts=true, hasTouchScreen=false, version=58.0.3029.110, platform=XP, browserConnectionEnabled=false, nativeEvents=true, acceptSslCerts=true, locationContextEnabled=true, webStorageEnabled=true, browserName=chrome, takesScreenshot=true, javascriptEnabled=true, cssSelectorsEnabled=true, unexpectedAlertBehaviour=}]
Session ID: e3d82ea9ee4bd3545b5585e7de4eca5a
	at org.openqa.selenium.remote.ErrorHandler.createThrowable(ErrorHandler.java:216)
	at org.openqa.selenium.remote.ErrorHandler.throwIfResponseFailed(ErrorHandler.java:168)
	at org.openqa.selenium.remote.RemoteWebDriver.execute(RemoteWebDriver.java:635)
	at org.openqa.selenium.remote.RemoteWebElement.execute(RemoteWebElement.java:274)
	at org.openqa.selenium.remote.RemoteWebElement.click(RemoteWebElement.java:84)
	at com.streame.pageobjects.UploadMedia.AgreeTerms(UploadMedia.java:77)
	at com.streame.tests.UploadMediaTest.UploadMediaImage(UploadMediaTest.java:169)
... Removed 29 stack frames]]>
    </failure>
  </testcase> <!-- UploadMediaImage -->
  <testcase name="UploadMediaAudio" time="0.002" classname="com.streame.tests.UploadMediaTest"/>
  <testcase name="UploadMediaVideo" time="0.002" classname="com.streame.tests.UploadMediaTest"/>
</testsuite> <!-- Au_Test -->
